<?xml version="1.0" encoding="UTF-8"?>
<!-- Generated by org.testng.reporters.JUnitXMLReporter -->
<testsuite hostname="SML-0687" name="Command line test 3a38478d-a602-4f1b-8549-2b6750e0fb0e" tests="10" failures="5" timestamp="30 Nov 2018 13:08:33 GMT" time="0.0" errors="0">
  <testcase name="testMethod" time="0.0" classname="ArrayDemo1.Issue1020TestclassSample">
    <failure type="java.lang.AssertionError" message="Even tests fail">
      <![CDATA[java.lang.AssertionError: Even tests fail
	at ArrayDemo1.Issue1020TestclassSample.testMethod(Issue1020TestclassSample.java:13)
	at ArrayDemo1.Issue1020TestRunner.testMethod(Issue1020TestRunner.java:44)
... Removed 46 stack frames]]>
    </failure>
  </testcase> <!-- testMethod -->
  <testcase name="testMethod" time="0.0" classname="ArrayDemo1.Issue1020TestclassSample"/>
  <testcase name="testMethod" time="0.0" classname="ArrayDemo1.Issue1020TestclassSample">
    <failure type="java.lang.AssertionError" message="Even tests fail">
      <![CDATA[java.lang.AssertionError: Even tests fail
	at ArrayDemo1.Issue1020TestclassSample.testMethod(Issue1020TestclassSample.java:13)
	at ArrayDemo1.Issue1020TestRunner.testMethod(Issue1020TestRunner.java:44)
... Removed 46 stack frames]]>
    </failure>
  </testcase> <!-- testMethod -->
  <testcase name="testMethod" time="0.0" classname="ArrayDemo1.Issue1020TestclassSample"/>
  <testcase name="testMethod" time="0.0" classname="ArrayDemo1.Issue1020TestclassSample">
    <failure type="java.lang.AssertionError" message="Even tests fail">
      <![CDATA[java.lang.AssertionError: Even tests fail
	at ArrayDemo1.Issue1020TestclassSample.testMethod(Issue1020TestclassSample.java:13)
	at ArrayDemo1.Issue1020TestRunner.testMethod(Issue1020TestRunner.java:44)
... Removed 46 stack frames]]>
    </failure>
  </testcase> <!-- testMethod -->
  <testcase name="testMethod" time="0.0" classname="ArrayDemo1.Issue1020TestclassSample"/>
  <testcase name="testMethod" time="0.0" classname="ArrayDemo1.Issue1020TestclassSample">
    <failure type="java.lang.AssertionError" message="Even tests fail">
      <![CDATA[java.lang.AssertionError: Even tests fail
	at ArrayDemo1.Issue1020TestclassSample.testMethod(Issue1020TestclassSample.java:13)
	at ArrayDemo1.Issue1020TestRunner.testMethod(Issue1020TestRunner.java:44)
... Removed 46 stack frames]]>
    </failure>
  </testcase> <!-- testMethod -->
  <testcase name="testMethod" time="0.0" classname="ArrayDemo1.Issue1020TestclassSample"/>
  <testcase name="testMethod" time="0.0" classname="ArrayDemo1.Issue1020TestclassSample">
    <failure type="java.lang.AssertionError" message="Even tests fail">
      <![CDATA[java.lang.AssertionError: Even tests fail
	at ArrayDemo1.Issue1020TestclassSample.testMethod(Issue1020TestclassSample.java:13)
	at ArrayDemo1.Issue1020TestRunner.testMethod(Issue1020TestRunner.java:44)
... Removed 46 stack frames]]>
    </failure>
  </testcase> <!-- testMethod -->
  <testcase name="testMethod" time="0.0" classname="ArrayDemo1.Issue1020TestclassSample"/>
</testsuite> <!-- Command line test 3a38478d-a602-4f1b-8549-2b6750e0fb0e -->
